C51 COMPILER V9.00   FIND_ROAD                                                             05/17/2015 17:52:54 PAGE 1   


C51 COMPILER V9.00, COMPILATION OF MODULE FIND_ROAD
OBJECT MODULE PLACED IN find_road.OBJ
COMPILER INVOKED BY: C:\Keil_v5\C51\BIN\C51.EXE find_road.c COMPACT BROWSE DEBUG OBJECTEXTEND TABS(2)

line level    source

   1          #include <STC12C5A.H>
   2          #include "timer.h"
   3          #include "PWM.h"
   4          #include "find_road.h"
   5          #include "1602.h"
   6          
   7          void find_road()
   8          {
   9   1        switch(P1 & 0x07)
  10   1        {
  11   2          case 0x07:
  12   2            
  13   2          case 0x02:  //中间
  14   2            Set_PWM1(11);
  15   2            Set_PWM2(11);
  16   2            EN1 = EN2 = 1;
  17   2           break;
  18   2          case 0x06: //右小
  19   2            Set_PWM1(17);
  20   2            Set_PWM2(11);
  21   2            EN1 = EN2 = 1;
  22   2           break;
  23   2          case 0x04: //右小
  24   2            Set_PWM1(17);
  25   2            Set_PWM2(11);
  26   2            EN1 = EN2 = 1;
  27   2           break;
  28   2          case 0x03: //左小
  29   2            Set_PWM1(11); 
  30   2            Set_PWM2(17);
  31   2            EN1 = EN2 = 1;
  32   2           break;
  33   2          case 0x01: //左小
  34   2            Set_PWM1(11); 
  35   2            Set_PWM2(17);
  36   2            EN1 = EN2 = 1;
  37   2           break;
  38   2          default:
  39   2            EN1 = EN2 = 1;
  40   2           break;
  41   2        }
  42   1      }
  43          
  44          
  45          


MODULE INFORMATION:   STATIC OVERLAYABLE
   CODE SIZE        =     64    ----
   CONSTANT SIZE    =   ----    ----
   XDATA SIZE       =   ----    ----
   PDATA SIZE       =   ----    ----
   DATA SIZE        =   ----    ----
   IDATA SIZE       =   ----    ----
   BIT SIZE         =   ----    ----
C51 COMPILER V9.00   FIND_ROAD                                                             05/17/2015 17:52:54 PAGE 2   

END OF MODULE INFORMATION.


C51 COMPILATION COMPLETE.  0 WARNING(S),  0 ERROR(S)
