C51 COMPILER V9.00   YUNDONG                                                               05/17/2015 17:52:54 PAGE 1   


C51 COMPILER V9.00, COMPILATION OF MODULE YUNDONG
OBJECT MODULE PLACED IN yundong.OBJ
COMPILER INVOKED BY: C:\Keil_v5\C51\BIN\C51.EXE yundong.c COMPACT BROWSE DEBUG OBJECTEXTEND TABS(2)

line level    source

   1          #include <STC12C5A.H>
   2          #include <string.h>
   3          #include <stdlib.h>
   4          #include "usart.h"
   5          #include "timer.h"
   6          #include "yundong.h"
   7          
   8          extern uint16_t cout1,cout2,cout3;
   9          /***************************************************
  10                      前
  11          ***************************************************/
  12          void qian()
  13          {
  14   1        CW1 = 0;
  15   1        CW2 = 1;
  16   1      }
  17          
  18          /****************************************************
  19                      后
  20          ****************************************************/
  21          void hou()
  22          {
  23   1        CW1 = 1;
  24   1        CW2 = 0;
  25   1      }
  26          
  27          /****************************************************
  28                      直
  29          ****************************************************/
  30          void jing(uint16_t Pace,uint8_t *flag)
  31          {
  32   1        if(cout3 <= Pace)
  33   1        {
  34   2          EN1 = 1;
  35   2          EN2 = 1;
  36   2        }
  37   1        else
  38   1        {
  39   2          tingzhi();
  40   2          *flag = 0;
  41   2          cout3 = 0;    
  42   2        }
  43   1      }
  44          /*****************************************************
  45                      右
  46          *****************************************************/
  47          void right(uint16_t Pace,uint8_t *flag)
  48          {
  49   1        qian();
  50   1        if(cout2 <= Pace)
  51   1        {
  52   2          EN1 = 1;
  53   2          EN2 = 0;
  54   2        }
  55   1        else
C51 COMPILER V9.00   YUNDONG                                                               05/17/2015 17:52:54 PAGE 2   

  56   1        {
  57   2          tingzhi();
  58   2          *flag = 0;
  59   2          cout2 = 0;    
  60   2        }
  61   1      }
  62          /*****************************************************
  63                        左
  64          *****************************************************/
  65          void left(uint16_t Pace,uint8_t *flag)
  66          {
  67   1        qian();
  68   1        if(cout1 <= Pace)
  69   1        {
  70   2          EN1 = 0;
  71   2          EN2 = 1;
  72   2        }
  73   1        else
  74   1        {   
  75   2          tingzhi();
  76   2          *flag = 0;
  77   2          cout1 = 0;
  78   2        }
  79   1      }
  80          
  81          /*****************************************************
  82                      停止
  83          *****************************************************/
  84          void tingzhi()
  85          {
  86   1        EN1 = 0;
  87   1        EN2 = 0;
  88   1        delay_timer_ms(200);
  89   1      }
  90          
  91          /*****************************************************
  92                      直进
  93          *****************************************************/
  94          void zhijing(uint16_t Pace,uint8_t *flag)
  95          {
  96   1        qian();
  97   1        jing(Pace,flag);
  98   1      }
  99          
 100          /*****************************************************
 101                      直退
 102          *****************************************************/
 103          void zhitui(uint16_t Pace,uint8_t *flag)
 104          {
 105   1        hou();
 106   1        jing(Pace,flag);
 107   1      }
 108          /*****************************************************
 109                    左(转回来)
 110          *****************************************************/
 111          void left_back(uint16_t Pace,uint8_t *flag)
 112          {
 113   1        hou();
 114   1        if(cout1 <= Pace)
 115   1        {
 116   2          EN1 = 0;
 117   2          EN2 = 1;
C51 COMPILER V9.00   YUNDONG                                                               05/17/2015 17:52:54 PAGE 3   

 118   2        }
 119   1        else
 120   1        { 
 121   2          tingzhi();
 122   2          *flag = 0;
 123   2          cout1 = 0;
 124   2          qian();   
 125   2        }
 126   1      }
 127          /*****************************************************
 128                    右(转回来)
 129          *****************************************************/
 130          void right_back(uint16_t Pace,uint8_t *flag)
 131          {
 132   1        hou();
 133   1        if(cout2 <= Pace)
 134   1        {
 135   2          EN1 = 1;
 136   2          EN2 = 0;
 137   2        }
 138   1        else
 139   1        { 
 140   2          tingzhi();
 141   2          *flag = 0;
 142   2          cout2 = 0;      
 143   2          qian();
 144   2        }
 145   1      }


MODULE INFORMATION:   STATIC OVERLAYABLE
   CODE SIZE        =    275    ----
   CONSTANT SIZE    =   ----    ----
   XDATA SIZE       =   ----    ----
   PDATA SIZE       =   ----      15
   DATA SIZE        =   ----    ----
   IDATA SIZE       =   ----    ----
   BIT SIZE         =   ----    ----
END OF MODULE INFORMATION.


C51 COMPILATION COMPLETE.  0 WARNING(S),  0 ERROR(S)
